Arguments: 
  C:\Program Files\nodejs\node.exe C:\Users\Bach Truong\AppData\Roaming\npm\node_modules\yarn\bin\yarn.js add react-native-calenders

PATH: 
  C:\Python310\Scripts\;C:\Python310\;C:\Program Files (x86)\Common Files\Oracle\Java\javapath;C:\WINDOWS\system32;C:\WINDOWS;C:\WINDOWS\System32\Wbem;C:\WINDOWS\System32\WindowsPowerShell\v1.0\;C:\WINDOWS\System32\OpenSSH\;C:\Program Files\Intel\WiFi\bin\;C:\Program Files\Common Files\Intel\WirelessCommon\;F:\Vietpn;C:\Program Files\TortoiseSVN\bin;C:\Program Files (x86)\Pololu\USB AVR Programmer v2\bin;C:\Program Files\PuTTY\;F:\Git\Git\cmd;C:\Program Files\WireGuard\;C:\Program Files (x86)\Intel\Intel(R) Management Engine Components\DAL;C:\Program Files\Intel\Intel(R) Management Engine Components\DAL;C:\Program Files\nodejs\;C:\ProgramData\chocolatey\bin;C:\Program Files\OpenJDK\openjdk-11.0.16_8\bin;C:\Users\Bach Truong\AppData\Local\Microsoft\WindowsApps;C:\Users\Bach Truong\AppData\Local\Programs\Microsoft VS Code\bin;F:\Flutter\flutter\bin;C:\Users\Bach Truong\AppData\Roaming\npm;F:\Android\Sdk\platform-tools;

Yarn version: 
  1.22.19

Node version: 
  18.7.0

Platform: 
  win32 x64

Trace: 
  Error: https://registry.yarnpkg.com/react-native-calenders: Not found
      at params.callback [as _callback] (C:\Users\Bach Truong\AppData\Roaming\npm\node_modules\yarn\lib\cli.js:66145:18)
      at self.callback (C:\Users\Bach Truong\AppData\Roaming\npm\node_modules\yarn\lib\cli.js:140890:22)
      at Request.emit (node:events:513:28)
      at Request.<anonymous> (C:\Users\Bach Truong\AppData\Roaming\npm\node_modules\yarn\lib\cli.js:141862:10)
      at Request.emit (node:events:513:28)
      at IncomingMessage.<anonymous> (C:\Users\Bach Truong\AppData\Roaming\npm\node_modules\yarn\lib\cli.js:141784:12)
      at Object.onceWrapper (node:events:627:28)
      at IncomingMessage.emit (node:events:525:35)
      at endReadableNT (node:internal/streams/readable:1359:12)
      at process.processTicksAndRejections (node:internal/process/task_queues:82:21)

npm manifest: 
  {
    "name": "donewithit",
    "version": "1.0.0",
    "main": "node_modules/expo/AppEntry.js",
    "scripts": {
      "start": "expo start",
      "android": "expo start --android",
      "ios": "expo start --ios",
      "web": "expo start --web"
    },
    "dependencies": {
      "@react-navigation/native": "^6.0.11",
      "@react-navigation/native-stack": "^6.7.0",
      "expo": "~46.0.7",
      "expo-status-bar": "~1.4.0",
      "expo-updates": "~0.14.4",
      "react": "18.0.0",
      "react-native": "0.69.4",
      "react-native-safe-area-context": "^4.3.1",
      "react-native-screens": "~3.15.0"
    },
    "devDependencies": {
      "@babel/core": "^7.12.9",
      "typescript": "^4.6.3",
      "@types/react": "~18.0.0",
      "@types/react-native": "~0.69.1"
    },
    "private": true
  }

yarn manifest: 
  No manifest

Lockfile: 
  No lockfile
